<?xml version="1.0" encoding="UTF-8"?>
<testng-results ignored="0" total="1" passed="1" failed="0" skipped="0">
  <reporter-output>
  </reporter-output>
  <suite started-at="2021-04-28T02:01:46Z" name="Default suite" finished-at="2021-04-28T02:02:11Z" duration-ms="24954">
    <groups>
    </groups>
    <test started-at="2021-04-28T02:01:46Z" name="Default test" finished-at="2021-04-28T02:02:11Z" duration-ms="24954">
      <class name="com.automation.test.CheckBox">
        <test-method is-config="true" signature="beforemethod()[pri:0, instance:com.automation.test.CheckBox@1ef6d34c]" started-at="2021-04-28T02:01:46Z" name="beforemethod" finished-at="2021-04-28T02:01:49Z" duration-ms="3167" status="PASS">
          <reporter-output>
          </reporter-output>
        </test-method> <!-- beforemethod -->
        <test-method signature="Checkboxes()[pri:0, instance:com.automation.test.CheckBox@1ef6d34c]" started-at="2021-04-28T02:01:49Z" name="Checkboxes" finished-at="2021-04-28T02:02:10Z" duration-ms="20556" status="PASS">
          <reporter-output>
          </reporter-output>
        </test-method> <!-- Checkboxes -->
        <test-method is-config="true" signature="logout(org.testng.ITestResult)[pri:0, instance:com.automation.test.CheckBox@1ef6d34c]" started-at="2021-04-28T02:02:10Z" name="logout" finished-at="2021-04-28T02:02:11Z" duration-ms="1208" status="PASS">
          <params>
            <param index="0">
              <value>
                <![CDATA[[TestResult name=Checkboxes status=SUCCESS method=CheckBox.Checkboxes()[pri:0, instance:com.automation.test.CheckBox@1ef6d34c] output={null}]]]>
              </value>
            </param>
          </params>
          <reporter-output>
          </reporter-output>
        </test-method> <!-- logout -->
      </class> <!-- com.automation.test.CheckBox -->
    </test> <!-- Default test -->
  </suite> <!-- Default suite -->
</testng-results>
